[20:31:29] [ServerMain/INFO]: Building unoptimized datafixer
[20:31:30] [ServerMain/INFO]: Environment: authHost='https://authserver.mojang.com', accountsHost='https://api.mojang.com', sessionHost='https://sessionserver.mojang.com', servicesHost='https://api.minecraftservices.com', name='PROD'
[20:31:31] [ServerMain/INFO]: Loaded 7 recipes
[20:31:31] [ServerMain/INFO]: Loaded 1179 advancements
[20:31:32] [Server thread/INFO]: Starting minecraft server version 1.19.3
[20:31:32] [Server thread/INFO]: Loading properties
[20:31:32] [Server thread/INFO]: Default game type: CREATIVE
[20:31:32] [Server thread/INFO]: Generating keypair
[20:31:32] [Server thread/INFO]: Starting Minecraft server on *:25565
[20:31:32] [Server thread/INFO]: Using epoll channel type
[20:31:32] [Server thread/WARN]: **** SERVER IS RUNNING IN OFFLINE/INSECURE MODE!
[20:31:32] [Server thread/WARN]: The server will make no attempt to authenticate usernames. Beware.
[20:31:32] [Server thread/WARN]: While this makes the game possible to play without internet access, it also opens up the ability for hackers to connect with any username they choose.
[20:31:32] [Server thread/WARN]: To change this, set "online-mode" to "true" in the server.properties file.
[20:31:32] [Server thread/INFO]: Preparing level "world"
[20:31:33] [Server thread/INFO]: Preparing start region for dimension minecraft:overworld
[20:31:37] [Worker-Main-2/INFO]: Preparing spawn area: 0%
[20:31:37] [Worker-Main-1/INFO]: Preparing spawn area: 0%
[20:31:37] [Worker-Main-1/INFO]: Preparing spawn area: 0%
[20:31:37] [Worker-Main-1/INFO]: Preparing spawn area: 0%
[20:31:37] [Worker-Main-10/INFO]: Preparing spawn area: 0%
[20:31:37] [Worker-Main-10/INFO]: Preparing spawn area: 0%
[20:31:37] [Worker-Main-1/INFO]: Preparing spawn area: 0%
[20:31:37] [Worker-Main-9/INFO]: Preparing spawn area: 0%
[20:31:37] [Worker-Main-9/INFO]: Preparing spawn area: 0%
[20:31:38] [Worker-Main-5/INFO]: Preparing spawn area: 0%
[20:31:38] [Worker-Main-8/INFO]: Preparing spawn area: 77%
[20:31:38] [Server thread/INFO]: Time elapsed: 5121 ms
[20:31:38] [Server thread/INFO]: Done (5.972s)! For help, type "help"
[20:31:58] [Server thread/INFO]: alex[/192.168.1.5:33992] logged in with entity id 103 at (-236.1799922103281, 91.87141136323383, -116.82747947709647)
[20:31:58] [Server thread/INFO]: alex joined the game
[20:32:37] [Server thread/INFO]: alex lost connection: Disconnected
[20:32:37] [Server thread/INFO]: alex left the game
[20:32:45] [Server thread/INFO]: Stopping the server
[20:32:45] [Server thread/INFO]: Stopping server
[20:32:45] [Server thread/INFO]: Saving players
[20:32:45] [Server thread/INFO]: Saving worlds
[20:32:45] [Server thread/INFO]: Saving chunks for level 'ServerLevel[world]'/minecraft:overworld
[20:33:08] [Server thread/INFO]: Saving chunks for level 'ServerLevel[world]'/minecraft:the_end
[20:33:08] [Server thread/INFO]: Saving chunks for level 'ServerLevel[world]'/minecraft:the_nether
[20:33:08] [Server thread/INFO]: ThreadedAnvilChunkStorage (world): All chunks are saved
[20:33:08] [Server thread/INFO]: ThreadedAnvilChunkStorage (DIM1): All chunks are saved
[20:33:08] [Server thread/INFO]: ThreadedAnvilChunkStorage (DIM-1): All chunks are saved
[20:33:08] [Server thread/INFO]: ThreadedAnvilChunkStorage: All dimensions are saved
